Compiled jquery.js  (2ms)  (pid 1088)
Compiled jquery_ujs.js  (0ms)  (pid 1088)
Compiled jquery-ui.js  (9ms)  (pid 1088)
Compiled blog_manager.js  (1ms)  (pid 1088)
Compiled controller.js  (0ms)  (pid 1088)
Compiled jquery-plugin.js  (1ms)  (pid 1088)
Compiled posts.js  (257ms)  (pid 1088)
Compiled wall.js  (1ms)  (pid 1088)
Compiled application.js  (1302ms)  (pid 1088)
Compiled content-style.css  (115ms)  (pid 1088)
Compiled form.css.css  (0ms)  (pid 1088)
Compiled jquery-plugin-style.css  (18ms)  (pid 1088)
Compiled layout.css  (35ms)  (pid 1088)
Compiled posts.css  (11ms)  (pid 1088)
Compiled scaffolds.css  (10ms)  (pid 1088)
Compiled application.css  (427ms)  (pid 1088)
Compiled jquery.js  (2ms)  (pid 1088)
Compiled jquery_ujs.js  (0ms)  (pid 1088)
Compiled jquery-ui.js  (8ms)  (pid 1088)
Compiled blog_manager.js  (0ms)  (pid 1088)
Compiled controller.js  (0ms)  (pid 1088)
Compiled jquery-plugin.js  (0ms)  (pid 1088)
Compiled posts.js  (135ms)  (pid 1088)
Compiled wall.js  (0ms)  (pid 1088)
Compiled application.js  (242ms)  (pid 1088)
Compiled content-style.css  (68ms)  (pid 1088)
Compiled form.css.css  (0ms)  (pid 1088)
Compiled jquery-plugin-style.css  (58ms)  (pid 1088)
Compiled layout.css  (65ms)  (pid 1088)
Compiled posts.css  (13ms)  (pid 1088)
Compiled scaffolds.css  (12ms)  (pid 1088)
Compiled application.css  (343ms)  (pid 1088)
Compiled jquery.js  (3ms)  (pid 6375)
Compiled jquery_ujs.js  (0ms)  (pid 6375)
Compiled jquery-ui.js  (30ms)  (pid 6375)
Compiled blog_manager.js  (0ms)  (pid 6375)
Compiled controller.js  (0ms)  (pid 6375)
Compiled jquery-plugin.js  (0ms)  (pid 6375)
Compiled posts.js  (384ms)  (pid 6375)
Compiled wall.js  (1ms)  (pid 6375)
Compiled application.js  (1027ms)  (pid 6375)
Compiled content-style.css  (115ms)  (pid 6375)
Compiled form.css.css  (0ms)  (pid 6375)
Compiled jquery-plugin-style.css  (20ms)  (pid 6375)
Compiled layout.css  (64ms)  (pid 6375)
Compiled posts.css  (21ms)  (pid 6375)
Compiled scaffolds.css  (13ms)  (pid 6375)
Compiled application.css  (479ms)  (pid 6375)
Compiled jquery.js  (2ms)  (pid 6375)
Compiled jquery_ujs.js  (0ms)  (pid 6375)
Compiled jquery-ui.js  (7ms)  (pid 6375)
Compiled blog_manager.js  (0ms)  (pid 6375)
Compiled controller.js  (0ms)  (pid 6375)
Compiled jquery-plugin.js  (0ms)  (pid 6375)
Compiled posts.js  (161ms)  (pid 6375)
Compiled wall.js  (0ms)  (pid 6375)
Compiled application.js  (342ms)  (pid 6375)
Compiled content-style.css  (63ms)  (pid 6375)
Compiled form.css.css  (0ms)  (pid 6375)
Compiled jquery-plugin-style.css  (22ms)  (pid 6375)
Compiled layout.css  (59ms)  (pid 6375)
Compiled posts.css  (20ms)  (pid 6375)
Compiled scaffolds.css  (10ms)  (pid 6375)
Compiled application.css  (212ms)  (pid 6375)
Compiled jquery.js  (3ms)  (pid 2125)
Compiled jquery_ujs.js  (0ms)  (pid 2125)
Compiled jquery-ui.js  (7ms)  (pid 2125)
Compiled blog_manager.js  (0ms)  (pid 2125)
Compiled comments.js  (3185ms)  (pid 2125)
Compiled controller.js  (1ms)  (pid 2125)
Compiled jquery-plugin.js  (0ms)  (pid 2125)
Compiled posts.js  (177ms)  (pid 2125)
Compiled wall.js  (0ms)  (pid 2125)
Compiled application.js  (4715ms)  (pid 2125)
Compiled comments.css  (303ms)  (pid 2125)
Compiled content-style.css  (55ms)  (pid 2125)
Compiled form.css  (16ms)  (pid 2125)
Compiled jquery-plugin-style.css  (22ms)  (pid 2125)
Compiled layout.css  (40ms)  (pid 2125)
Compiled posts.css  (30ms)  (pid 2125)
Compiled scaffolds.css  (13ms)  (pid 2125)
Compiled application.css  (1131ms)  (pid 2125)
Compiled jquery.js  (2ms)  (pid 2125)
Compiled jquery_ujs.js  (0ms)  (pid 2125)
Compiled jquery-ui.js  (31ms)  (pid 2125)
Compiled blog_manager.js  (0ms)  (pid 2125)
Compiled comments.js  (380ms)  (pid 2125)
Compiled controller.js  (3ms)  (pid 2125)
Compiled jquery-plugin.js  (0ms)  (pid 2125)
Compiled posts.js  (135ms)  (pid 2125)
Compiled wall.js  (1ms)  (pid 2125)
Compiled application.js  (865ms)  (pid 2125)
Compiled comments.css  (47ms)  (pid 2125)
Compiled content-style.css  (56ms)  (pid 2125)
Compiled form.css  (17ms)  (pid 2125)
Compiled jquery-plugin-style.css  (21ms)  (pid 2125)
Compiled layout.css  (36ms)  (pid 2125)
Compiled posts.css  (25ms)  (pid 2125)
Compiled scaffolds.css  (13ms)  (pid 2125)
Compiled application.css  (458ms)  (pid 2125)
Compiled jquery.js  (2ms)  (pid 2356)
Compiled jquery_ujs.js  (1ms)  (pid 2356)
Compiled jquery-ui.js  (6ms)  (pid 2356)
Compiled blog_manager.js  (0ms)  (pid 2356)
Compiled comments.js  (1438ms)  (pid 2356)
Compiled controller.js  (0ms)  (pid 2356)
Compiled jquery-plugin.js  (0ms)  (pid 2356)
Compiled posts.js  (121ms)  (pid 2356)
Compiled wall.js  (0ms)  (pid 2356)
Compiled application.js  (2277ms)  (pid 2356)
Compiled comments.css  (46ms)  (pid 2356)
Compiled content-style.css  (49ms)  (pid 2356)
Compiled form.css  (15ms)  (pid 2356)
Compiled jquery-plugin-style.css  (19ms)  (pid 2356)
Compiled layout.css  (33ms)  (pid 2356)
Compiled posts.css  (23ms)  (pid 2356)
Compiled scaffolds.css  (11ms)  (pid 2356)
Compiled application.css  (427ms)  (pid 2356)
Compiled jquery.js  (2ms)  (pid 2356)
Compiled jquery_ujs.js  (0ms)  (pid 2356)
Compiled jquery-ui.js  (42ms)  (pid 2356)
Compiled blog_manager.js  (0ms)  (pid 2356)
Compiled comments.js  (334ms)  (pid 2356)
Compiled controller.js  (0ms)  (pid 2356)
Compiled jquery-plugin.js  (0ms)  (pid 2356)
Compiled posts.js  (88ms)  (pid 2356)
Compiled wall.js  (1ms)  (pid 2356)
Compiled application.js  (761ms)  (pid 2356)
Compiled comments.css  (22ms)  (pid 2356)
Compiled content-style.css  (51ms)  (pid 2356)
Compiled form.css  (16ms)  (pid 2356)
Compiled jquery-plugin-style.css  (21ms)  (pid 2356)
Compiled layout.css  (37ms)  (pid 2356)
Compiled posts.css  (25ms)  (pid 2356)
Compiled scaffolds.css  (13ms)  (pid 2356)
Compiled application.css  (262ms)  (pid 2356)
Compiled jquery.js  (2ms)  (pid 2388)
Compiled jquery_ujs.js  (0ms)  (pid 2388)
Compiled jquery-ui.js  (7ms)  (pid 2388)
Compiled blog_manager.js  (0ms)  (pid 2388)
Compiled comments.js  (138ms)  (pid 2388)
Compiled controller.js  (0ms)  (pid 2388)
Compiled jquery-plugin.js  (0ms)  (pid 2388)
Compiled posts.js  (93ms)  (pid 2388)
Compiled wall.js  (0ms)  (pid 2388)
Compiled application.js  (359ms)  (pid 2388)
Compiled comments.css  (25ms)  (pid 2388)
Compiled content-style.css  (57ms)  (pid 2388)
Compiled form.css  (18ms)  (pid 2388)
Compiled jquery-plugin-style.css  (23ms)  (pid 2388)
Compiled layout.css  (43ms)  (pid 2388)
Compiled posts.css  (25ms)  (pid 2388)
Compiled scaffolds.css  (15ms)  (pid 2388)
Compiled application.css  (309ms)  (pid 2388)
Compiled jquery.js  (2ms)  (pid 2388)
Compiled jquery_ujs.js  (0ms)  (pid 2388)
Compiled jquery-ui.js  (33ms)  (pid 2388)
Compiled blog_manager.js  (0ms)  (pid 2388)
Compiled comments.js  (139ms)  (pid 2388)
Compiled controller.js  (0ms)  (pid 2388)
Compiled jquery-plugin.js  (0ms)  (pid 2388)
Compiled posts.js  (97ms)  (pid 2388)
Compiled wall.js  (0ms)  (pid 2388)
Compiled application.js  (400ms)  (pid 2388)
Compiled comments.css  (21ms)  (pid 2388)
Compiled content-style.css  (54ms)  (pid 2388)
Compiled form.css  (18ms)  (pid 2388)
Compiled jquery-plugin-style.css  (21ms)  (pid 2388)
Compiled layout.css  (36ms)  (pid 2388)
Compiled posts.css  (24ms)  (pid 2388)
Compiled scaffolds.css  (11ms)  (pid 2388)
Compiled application.css  (260ms)  (pid 2388)
Compiled jquery.js  (2ms)  (pid 3586)
Compiled jquery_ujs.js  (0ms)  (pid 3586)
Compiled jquery-ui.js  (6ms)  (pid 3586)
Compiled blog_manager.js  (0ms)  (pid 3586)
Compiled comment.js  (0ms)  (pid 3586)
Compiled comments.js  (1101ms)  (pid 3586)
Compiled controller.js  (0ms)  (pid 3586)
Compiled jquery-plugin.js  (0ms)  (pid 3586)
Compiled post.js  (0ms)  (pid 3586)
Compiled posts.js  (170ms)  (pid 3586)
Compiled wall.js  (0ms)  (pid 3586)
Compiled application.js  (1656ms)  (pid 3586)
Compiled comments.css  (436ms)  (pid 3586)
Compiled content-style.css  (119ms)  (pid 3586)
Compiled form.css  (36ms)  (pid 3586)
Compiled jquery-plugin-style.css  (23ms)  (pid 3586)
Compiled layout.css  (55ms)  (pid 3586)
Compiled posts.css  (37ms)  (pid 3586)
Compiled scaffolds.css  (61ms)  (pid 3586)
Compiled application.css  (1139ms)  (pid 3586)
Compiled jquery.js  (2ms)  (pid 3586)
Compiled jquery_ujs.js  (0ms)  (pid 3586)
Compiled jquery-ui.js  (6ms)  (pid 3586)
Compiled blog_manager.js  (0ms)  (pid 3586)
Compiled comment.js  (0ms)  (pid 3586)
Compiled comments.js  (449ms)  (pid 3586)
Compiled controller.js  (0ms)  (pid 3586)
Compiled jquery-plugin.js  (0ms)  (pid 3586)
Compiled post.js  (0ms)  (pid 3586)
Compiled posts.js  (93ms)  (pid 3586)
Compiled wall.js  (0ms)  (pid 3586)
Compiled application.js  (957ms)  (pid 3586)
Compiled comments.css  (27ms)  (pid 3586)
Compiled content-style.css  (51ms)  (pid 3586)
Compiled form.css  (39ms)  (pid 3586)
Compiled jquery-plugin-style.css  (21ms)  (pid 3586)
Compiled layout.css  (37ms)  (pid 3586)
Compiled posts.css  (30ms)  (pid 3586)
Compiled scaffolds.css  (14ms)  (pid 3586)
Compiled application.css  (293ms)  (pid 3586)
Compiled jquery.js  (3ms)  (pid 11235)
Compiled jquery_ujs.js  (0ms)  (pid 11235)
Compiled jquery-ui.js  (7ms)  (pid 11235)
Compiled action_bar.js  (0ms)  (pid 11235)
Compiled blog_manager.js  (23ms)  (pid 11235)
Compiled comment.js  (1ms)  (pid 11235)
Compiled controller.js  (0ms)  (pid 11235)
Compiled jquery-plugin.js  (0ms)  (pid 11235)
Compiled poll.js  (0ms)  (pid 11235)
Compiled post.js  (0ms)  (pid 11235)
Compiled application.js  (572ms)  (pid 11235)
Compiled comments.css  (127ms)  (pid 11235)
Compiled content-style.css  (76ms)  (pid 11235)
Compiled custom-widgets.css  (14ms)  (pid 11235)
Compiled form.css  (16ms)  (pid 11235)
Compiled jquery-plugin-style.css  (39ms)  (pid 11235)
Compiled layout.css  (42ms)  (pid 11235)
Compiled posts.css  (30ms)  (pid 11235)
Compiled scaffolds.css  (13ms)  (pid 11235)
Compiled shared-colors.css  (1ms)  (pid 11235)
Compiled shared-mixin.css  (47ms)  (pid 11235)
Compiled application.css  (628ms)  (pid 11235)
Compiled jquery.js  (3ms)  (pid 11235)
Compiled jquery_ujs.js  (0ms)  (pid 11235)
Compiled jquery-ui.js  (7ms)  (pid 11235)
Compiled action_bar.js  (0ms)  (pid 11235)
Compiled blog_manager.js  (0ms)  (pid 11235)
Compiled comment.js  (0ms)  (pid 11235)
Compiled controller.js  (0ms)  (pid 11235)
Compiled jquery-plugin.js  (0ms)  (pid 11235)
Compiled poll.js  (2ms)  (pid 11235)
Compiled post.js  (0ms)  (pid 11235)
Compiled application.js  (402ms)  (pid 11235)
Compiled comments.css  (121ms)  (pid 11235)
Compiled content-style.css  (75ms)  (pid 11235)
Compiled custom-widgets.css  (14ms)  (pid 11235)
Compiled form.css  (16ms)  (pid 11235)
Compiled jquery-plugin-style.css  (70ms)  (pid 11235)
Compiled layout.css  (135ms)  (pid 11235)
Compiled posts.css  (37ms)  (pid 11235)
Compiled scaffolds.css  (34ms)  (pid 11235)
Compiled shared-colors.css  (12ms)  (pid 11235)
Compiled shared-mixin.css  (109ms)  (pid 11235)
Compiled application.css  (971ms)  (pid 11235)
Compiled jquery.js  (3ms)  (pid 11417)
Compiled jquery_ujs.js  (0ms)  (pid 11417)
Compiled jquery-ui.js  (8ms)  (pid 11417)
Compiled action_bar.js  (0ms)  (pid 11417)
Compiled blog_manager.js  (0ms)  (pid 11417)
Compiled comment.js  (0ms)  (pid 11417)
Compiled controller.js  (0ms)  (pid 11417)
Compiled jquery-plugin.js  (0ms)  (pid 11417)
Compiled poll.js  (0ms)  (pid 11417)
Compiled post.js  (0ms)  (pid 11417)
Compiled application.js  (176ms)  (pid 11417)
Compiled comments.css  (126ms)  (pid 11417)
Compiled content-style.css  (74ms)  (pid 11417)
Compiled custom-widgets.css  (25ms)  (pid 11417)
Compiled form.css  (16ms)  (pid 11417)
Compiled jquery-plugin-style.css  (40ms)  (pid 11417)
Compiled layout.css  (43ms)  (pid 11417)
Compiled posts.css  (31ms)  (pid 11417)
Compiled scaffolds.css  (15ms)  (pid 11417)
Compiled shared-colors.css  (1ms)  (pid 11417)
Compiled shared-mixin.css  (60ms)  (pid 11417)
Compiled application.css  (717ms)  (pid 11417)
Compiled jquery.js  (3ms)  (pid 11417)
Compiled jquery_ujs.js  (0ms)  (pid 11417)
Compiled jquery-ui.js  (6ms)  (pid 11417)
Compiled action_bar.js  (0ms)  (pid 11417)
Compiled blog_manager.js  (0ms)  (pid 11417)
Compiled comment.js  (0ms)  (pid 11417)
Compiled controller.js  (0ms)  (pid 11417)
Compiled jquery-plugin.js  (0ms)  (pid 11417)
Compiled poll.js  (0ms)  (pid 11417)
Compiled post.js  (0ms)  (pid 11417)
Compiled application.js  (282ms)  (pid 11417)
Compiled comments.css  (246ms)  (pid 11417)
Compiled content-style.css  (104ms)  (pid 11417)
Compiled custom-widgets.css  (16ms)  (pid 11417)
Compiled form.css  (15ms)  (pid 11417)
Compiled jquery-plugin-style.css  (44ms)  (pid 11417)
Compiled layout.css  (45ms)  (pid 11417)
Compiled posts.css  (36ms)  (pid 11417)
Compiled scaffolds.css  (18ms)  (pid 11417)
Compiled shared-colors.css  (1ms)  (pid 11417)
Compiled shared-mixin.css  (38ms)  (pid 11417)
Compiled application.css  (934ms)  (pid 11417)
Compiled jquery.js  (4ms)  (pid 11774)
Compiled jquery_ujs.js  (0ms)  (pid 11774)
Compiled jquery-ui.js  (15ms)  (pid 11774)
Compiled action_bar.js  (0ms)  (pid 11774)
Compiled blog_manager.js  (0ms)  (pid 11774)
Compiled comment.js  (0ms)  (pid 11774)
Compiled controller.js  (0ms)  (pid 11774)
Compiled jquery-plugin.js  (0ms)  (pid 11774)
Compiled poll.js  (0ms)  (pid 11774)
Compiled post.js  (0ms)  (pid 11774)
Compiled application.js  (258ms)  (pid 11774)
Compiled comments.css  (155ms)  (pid 11774)
Compiled content-style.css  (140ms)  (pid 11774)
Compiled custom-widgets.css  (27ms)  (pid 11774)
Compiled form.css  (30ms)  (pid 11774)
Compiled jquery-plugin-style.css  (71ms)  (pid 11774)
Compiled layout.css  (77ms)  (pid 11774)
Compiled posts.css  (47ms)  (pid 11774)
Compiled scaffolds.css  (26ms)  (pid 11774)
Compiled shared-colors.css  (2ms)  (pid 11774)
Compiled shared-mixin.css  (121ms)  (pid 11774)
Compiled application.css  (1080ms)  (pid 11774)
Compiled jquery.js  (6ms)  (pid 11774)
Compiled jquery_ujs.js  (1ms)  (pid 11774)
Compiled jquery-ui.js  (10ms)  (pid 11774)
Compiled action_bar.js  (0ms)  (pid 11774)
Compiled blog_manager.js  (0ms)  (pid 11774)
Compiled comment.js  (0ms)  (pid 11774)
Compiled controller.js  (0ms)  (pid 11774)
Compiled jquery-plugin.js  (0ms)  (pid 11774)
Compiled poll.js  (1ms)  (pid 11774)
Compiled post.js  (0ms)  (pid 11774)
Compiled application.js  (476ms)  (pid 11774)
Compiled comments.css  (78ms)  (pid 11774)
Compiled content-style.css  (152ms)  (pid 11774)
Compiled custom-widgets.css  (34ms)  (pid 11774)
Compiled form.css  (48ms)  (pid 11774)
Compiled jquery-plugin-style.css  (56ms)  (pid 11774)
Compiled layout.css  (85ms)  (pid 11774)
Compiled posts.css  (37ms)  (pid 11774)
Compiled scaffolds.css  (24ms)  (pid 11774)
Compiled shared-colors.css  (24ms)  (pid 11774)
Compiled shared-mixin.css  (62ms)  (pid 11774)
Compiled application.css  (800ms)  (pid 11774)
Compiled jquery.js  (2ms)  (pid 15217)
Compiled jquery_ujs.js  (0ms)  (pid 15217)
Compiled jquery-ui.js  (6ms)  (pid 15217)
Compiled action_bar.js  (0ms)  (pid 15217)
Compiled blog_manager.js  (25ms)  (pid 15217)
Compiled comment.js  (0ms)  (pid 15217)
Compiled controller.js  (0ms)  (pid 15217)
Compiled jquery-plugin.js  (0ms)  (pid 15217)
Compiled poll.js  (0ms)  (pid 15217)
Compiled post.js  (0ms)  (pid 15217)
Compiled application.js  (398ms)  (pid 15217)
Compiled comments.css  (113ms)  (pid 15217)
Compiled content-style.css  (101ms)  (pid 15217)
Compiled custom-widgets.css  (29ms)  (pid 15217)
Compiled form.css  (15ms)  (pid 15217)
Compiled jquery-plugin-style.css  (37ms)  (pid 15217)
Compiled layout.css  (104ms)  (pid 15217)
Compiled posts.css  (32ms)  (pid 15217)
Compiled scaffolds.css  (22ms)  (pid 15217)
Compiled shared-colors.css  (1ms)  (pid 15217)
Compiled shared-mixin.css  (61ms)  (pid 15217)
Compiled application.css  (837ms)  (pid 15217)
Compiled jquery.js  (2ms)  (pid 15217)
Compiled jquery_ujs.js  (5ms)  (pid 15217)
Compiled jquery-ui.js  (11ms)  (pid 15217)
Compiled action_bar.js  (0ms)  (pid 15217)
Compiled blog_manager.js  (0ms)  (pid 15217)
Compiled comment.js  (0ms)  (pid 15217)
Compiled controller.js  (0ms)  (pid 15217)
Compiled jquery-plugin.js  (0ms)  (pid 15217)
Compiled poll.js  (0ms)  (pid 15217)
Compiled post.js  (0ms)  (pid 15217)
Compiled application.js  (174ms)  (pid 15217)
Compiled comments.css  (53ms)  (pid 15217)
Compiled content-style.css  (63ms)  (pid 15217)
Compiled custom-widgets.css  (19ms)  (pid 15217)
Compiled form.css  (15ms)  (pid 15217)
Compiled jquery-plugin-style.css  (38ms)  (pid 15217)
Compiled layout.css  (40ms)  (pid 15217)
Compiled posts.css  (28ms)  (pid 15217)
Compiled scaffolds.css  (12ms)  (pid 15217)
Compiled shared-colors.css  (4ms)  (pid 15217)
Compiled shared-mixin.css  (47ms)  (pid 15217)
Compiled application.css  (396ms)  (pid 15217)
Compiled jquery.js  (3ms)  (pid 15376)
Compiled jquery_ujs.js  (0ms)  (pid 15376)
Compiled jquery-ui.js  (7ms)  (pid 15376)
Compiled action_bar.js  (0ms)  (pid 15376)
Compiled blog_manager.js  (37ms)  (pid 15376)
Compiled comment.js  (0ms)  (pid 15376)
Compiled controller.js  (0ms)  (pid 15376)
Compiled jquery-plugin.js  (0ms)  (pid 15376)
Compiled poll.js  (0ms)  (pid 15376)
Compiled post.js  (0ms)  (pid 15376)
Compiled application.js  (488ms)  (pid 15376)
Compiled comments.css  (100ms)  (pid 15376)
Compiled content-style.css  (206ms)  (pid 15376)
Compiled custom-widgets.css  (136ms)  (pid 15376)
Compiled form.css  (31ms)  (pid 15376)
Compiled jquery-plugin-style.css  (76ms)  (pid 15376)
Compiled layout.css  (27ms)  (pid 15376)
Compiled posts.css  (84ms)  (pid 15376)
Compiled scaffolds.css  (80ms)  (pid 15376)
Compiled shared-colors.css  (1ms)  (pid 15376)
Compiled shared-mixin.css  (9ms)  (pid 15376)
Compiled application.css  (1044ms)  (pid 15376)
Compiled jquery.js  (2ms)  (pid 15376)
Compiled jquery_ujs.js  (0ms)  (pid 15376)
Compiled jquery-ui.js  (6ms)  (pid 15376)
Compiled action_bar.js  (0ms)  (pid 15376)
Compiled blog_manager.js  (0ms)  (pid 15376)
Compiled comment.js  (0ms)  (pid 15376)
Compiled controller.js  (0ms)  (pid 15376)
Compiled jquery-plugin.js  (0ms)  (pid 15376)
Compiled poll.js  (0ms)  (pid 15376)
Compiled post.js  (0ms)  (pid 15376)
Compiled application.js  (165ms)  (pid 15376)
Compiled comments.css  (86ms)  (pid 15376)
Compiled content-style.css  (73ms)  (pid 15376)
Compiled custom-widgets.css  (23ms)  (pid 15376)
Compiled form.css  (20ms)  (pid 15376)
Compiled jquery-plugin-style.css  (76ms)  (pid 15376)
Compiled layout.css  (32ms)  (pid 15376)
Compiled posts.css  (48ms)  (pid 15376)
Compiled scaffolds.css  (17ms)  (pid 15376)
Compiled shared-colors.css  (1ms)  (pid 15376)
Compiled shared-mixin.css  (3ms)  (pid 15376)
Compiled application.css  (551ms)  (pid 15376)
Compiled jquery.js  (6ms)  (pid 15474)
Compiled jquery_ujs.js  (0ms)  (pid 15474)
Compiled jquery-ui.js  (7ms)  (pid 15474)
Compiled action_bar.js  (0ms)  (pid 15474)
Compiled blog_manager.js  (0ms)  (pid 15474)
Compiled comment.js  (0ms)  (pid 15474)
Compiled controller.js  (0ms)  (pid 15474)
Compiled jquery-plugin.js  (0ms)  (pid 15474)
Compiled poll.js  (0ms)  (pid 15474)
Compiled post.js  (2ms)  (pid 15474)
Compiled application.js  (203ms)  (pid 15474)
Compiled comments.css  (87ms)  (pid 15474)
Compiled content-style.css  (155ms)  (pid 15474)
Compiled custom-widgets.css  (23ms)  (pid 15474)
Compiled form.css  (24ms)  (pid 15474)
Compiled jquery-plugin-style.css  (161ms)  (pid 15474)
Compiled layout.css  (40ms)  (pid 15474)
Compiled posts.css  (67ms)  (pid 15474)
Compiled scaffolds.css  (38ms)  (pid 15474)
Compiled shared-colors.css  (3ms)  (pid 15474)
Compiled shared-mixin.css  (4ms)  (pid 15474)
Compiled application.css  (772ms)  (pid 15474)
Compiled jquery.js  (3ms)  (pid 15474)
Compiled jquery_ujs.js  (0ms)  (pid 15474)
Compiled jquery-ui.js  (12ms)  (pid 15474)
Compiled action_bar.js  (0ms)  (pid 15474)
Compiled blog_manager.js  (0ms)  (pid 15474)
Compiled comment.js  (0ms)  (pid 15474)
Compiled controller.js  (0ms)  (pid 15474)
Compiled jquery-plugin.js  (0ms)  (pid 15474)
Compiled poll.js  (0ms)  (pid 15474)
Compiled post.js  (0ms)  (pid 15474)
Compiled application.js  (277ms)  (pid 15474)
Compiled comments.css  (120ms)  (pid 15474)
Compiled content-style.css  (110ms)  (pid 15474)
Compiled custom-widgets.css  (40ms)  (pid 15474)
Compiled form.css  (31ms)  (pid 15474)
Compiled jquery-plugin-style.css  (142ms)  (pid 15474)
Compiled layout.css  (34ms)  (pid 15474)
Compiled posts.css  (41ms)  (pid 15474)
Compiled scaffolds.css  (37ms)  (pid 15474)
Compiled shared-colors.css  (1ms)  (pid 15474)
Compiled shared-mixin.css  (13ms)  (pid 15474)
Compiled application.css  (872ms)  (pid 15474)
Compiled jquery.js  (2ms)  (pid 2585)
Compiled jquery_ujs.js  (0ms)  (pid 2585)
Compiled jquery-ui.js  (6ms)  (pid 2585)
Compiled action_bar.js  (0ms)  (pid 2585)
Compiled blog_manager.js  (0ms)  (pid 2585)
Compiled comment.js  (0ms)  (pid 2585)
Compiled controller.js  (0ms)  (pid 2585)
Compiled jquery-plugin.js  (0ms)  (pid 2585)
Compiled poll.js  (0ms)  (pid 2585)
Compiled post.js  (0ms)  (pid 2585)
Compiled application.js  (283ms)  (pid 2585)
Compiled comments.css  (62ms)  (pid 2585)
Compiled content-style.css  (114ms)  (pid 2585)
Compiled custom-widgets.css  (23ms)  (pid 2585)
Compiled form.css  (15ms)  (pid 2585)
Compiled jquery-plugin-style.css  (68ms)  (pid 2585)
Compiled layout.css  (27ms)  (pid 2585)
Compiled posts.css  (33ms)  (pid 2585)
Compiled scaffolds.css  (14ms)  (pid 2585)
Compiled shared-colors.css  (1ms)  (pid 2585)
Compiled shared-mixin.css  (39ms)  (pid 2585)
Compiled application.css  (661ms)  (pid 2585)
Compiled jquery.js  (29ms)  (pid 2585)
Compiled jquery_ujs.js  (0ms)  (pid 2585)
Compiled jquery-ui.js  (6ms)  (pid 2585)
Compiled action_bar.js  (0ms)  (pid 2585)
Compiled blog_manager.js  (0ms)  (pid 2585)
Compiled comment.js  (0ms)  (pid 2585)
Compiled controller.js  (0ms)  (pid 2585)
Compiled jquery-plugin.js  (0ms)  (pid 2585)
Compiled poll.js  (0ms)  (pid 2585)
Compiled post.js  (0ms)  (pid 2585)
Compiled application.js  (619ms)  (pid 2585)
Compiled comments.css  (62ms)  (pid 2585)
Compiled content-style.css  (66ms)  (pid 2585)
Compiled custom-widgets.css  (15ms)  (pid 2585)
Compiled form.css  (19ms)  (pid 2585)
Compiled jquery-plugin-style.css  (66ms)  (pid 2585)
Compiled layout.css  (22ms)  (pid 2585)
Compiled posts.css  (27ms)  (pid 2585)
Compiled scaffolds.css  (12ms)  (pid 2585)
Compiled shared-colors.css  (1ms)  (pid 2585)
Compiled shared-mixin.css  (41ms)  (pid 2585)
Compiled application.css  (421ms)  (pid 2585)
Compiled jquery.js  (2ms)  (pid 2724)
Compiled jquery_ujs.js  (0ms)  (pid 2724)
Compiled jquery-ui.js  (6ms)  (pid 2724)
Compiled action_bar.js  (0ms)  (pid 2724)
Compiled blog_manager.js  (0ms)  (pid 2724)
Compiled comment.js  (0ms)  (pid 2724)
Compiled controller.js  (0ms)  (pid 2724)
Compiled jquery-plugin.js  (0ms)  (pid 2724)
Compiled poll.js  (0ms)  (pid 2724)
Compiled post.js  (0ms)  (pid 2724)
Compiled application.js  (126ms)  (pid 2724)
Compiled comments.css  (64ms)  (pid 2724)
Compiled content-style.css  (251ms)  (pid 2724)
Compiled custom-widgets.css  (25ms)  (pid 2724)
Compiled form.css  (23ms)  (pid 2724)
Compiled jquery-plugin-style.css  (73ms)  (pid 2724)
Compiled layout.css  (24ms)  (pid 2724)
Compiled posts.css  (44ms)  (pid 2724)
Compiled scaffolds.css  (18ms)  (pid 2724)
Compiled shared-colors.css  (1ms)  (pid 2724)
Compiled shared-mixin.css  (41ms)  (pid 2724)
Compiled application.css  (692ms)  (pid 2724)
Compiled jquery.js  (34ms)  (pid 2724)
Compiled jquery_ujs.js  (0ms)  (pid 2724)
Compiled jquery-ui.js  (10ms)  (pid 2724)
Compiled action_bar.js  (0ms)  (pid 2724)
Compiled blog_manager.js  (0ms)  (pid 2724)
Compiled comment.js  (0ms)  (pid 2724)
Compiled controller.js  (1ms)  (pid 2724)
Compiled jquery-plugin.js  (0ms)  (pid 2724)
Compiled poll.js  (0ms)  (pid 2724)
Compiled post.js  (0ms)  (pid 2724)
Compiled application.js  (174ms)  (pid 2724)
Compiled comments.css  (63ms)  (pid 2724)
Compiled content-style.css  (70ms)  (pid 2724)
Compiled custom-widgets.css  (15ms)  (pid 2724)
Compiled form.css  (15ms)  (pid 2724)
Compiled jquery-plugin-style.css  (69ms)  (pid 2724)
Compiled layout.css  (22ms)  (pid 2724)
Compiled posts.css  (27ms)  (pid 2724)
Compiled scaffolds.css  (16ms)  (pid 2724)
Compiled shared-colors.css  (1ms)  (pid 2724)
Compiled shared-mixin.css  (41ms)  (pid 2724)
Compiled application.css  (431ms)  (pid 2724)
